0 info it worked if it ends with ok
1 verbose cli [ 'D:\\Program Files\\nodejs\\node.exe',
1 verbose cli   'D:\\Program Files\\nodejs\\node_modules\\npm\\bin\\npm-cli.js',
1 verbose cli   'start' ]
2 info using npm@3.10.10
3 info using node@v6.11.5
4 verbose run-script [ 'prestart', 'start', 'poststart' ]
5 info lifecycle friendfinder@1.0.0~prestart: friendfinder@1.0.0
6 silly lifecycle friendfinder@1.0.0~prestart: no script for prestart, continuing
7 info lifecycle friendfinder@1.0.0~start: friendfinder@1.0.0
8 verbose lifecycle friendfinder@1.0.0~start: unsafe-perm in lifecycle true
9 verbose lifecycle friendfinder@1.0.0~start: PATH: D:\Program Files\nodejs\node_modules\npm\bin\node-gyp-bin;C:\Users\Mike\Documents\bootcamp\homework\Week-7\FriendFinder\node_modules\.bin;C:\Program Files\Git\mingw64\bin;C:\Program Files\Git\usr\bin;C:\Users\Mike\bin;C:\ProgramData\Oracle\Java\javapath;C:\WINDOWS\system32;C:\WINDOWS;C:\WINDOWS\System32\Wbem;C:\WINDOWS\System32\WindowsPowerShell\v1.0;D:\Program Files\nodejs;C:\Program Files\PuTTY;C:\Program Files\Git\cmd;C:\WINDOWS\System32\OpenSSH;C:\Program Files\MySQL\MySQL Server 8.0\bin;C:\Users\Mike\AppData\Local\Microsoft\WindowsApp;D:\Users\Mike\AppData\Local\Android\sdk\tools;D:\Users\Mike\AppData\Local\Android\sdk\platform-tools;D:\Program Files\Ant\bin;D:\Program Files\Java\jdk-9.0.1";D:\Program Files\Microsoft VS Code\bin;C:\Users\Mike\AppData\Roaming\npm;C:\Users\Mike\AppData\Local\atom\bin;C:\Users\Mike\AppData\Local\Microsoft\WindowsApps;C:\Program Files\heroku\bin
10 verbose lifecycle friendfinder@1.0.0~start: CWD: C:\Users\Mike\Documents\bootcamp\homework\Week-7\FriendFinder
11 silly lifecycle friendfinder@1.0.0~start: Args: [ '/d /s /c', 'node server.js' ]
12 silly lifecycle friendfinder@1.0.0~start: Returned: code: 3221225786  signal: null
13 info lifecycle friendfinder@1.0.0~start: Failed to exec start script
14 verbose stack Error: friendfinder@1.0.0 start: `node server.js`
14 verbose stack Exit status 3221225786
14 verbose stack     at EventEmitter.<anonymous> (D:\Program Files\nodejs\node_modules\npm\lib\utils\lifecycle.js:255:16)
14 verbose stack     at emitTwo (events.js:106:13)
14 verbose stack     at EventEmitter.emit (events.js:191:7)
14 verbose stack     at ChildProcess.<anonymous> (D:\Program Files\nodejs\node_modules\npm\lib\utils\spawn.js:40:14)
14 verbose stack     at emitTwo (events.js:106:13)
14 verbose stack     at ChildProcess.emit (events.js:191:7)
14 verbose stack     at maybeClose (internal/child_process.js:920:16)
14 verbose stack     at Process.ChildProcess._handle.onexit (internal/child_process.js:230:5)
15 verbose pkgid friendfinder@1.0.0
16 verbose cwd C:\Users\Mike\Documents\bootcamp\homework\Week-7\FriendFinder
17 error Windows_NT 10.0.17134
18 error argv "D:\\Program Files\\nodejs\\node.exe" "D:\\Program Files\\nodejs\\node_modules\\npm\\bin\\npm-cli.js" "start"
19 error node v6.11.5
20 error npm  v3.10.10
21 error code ELIFECYCLE
22 error friendfinder@1.0.0 start: `node server.js`
22 error Exit status 3221225786
23 error Failed at the friendfinder@1.0.0 start script 'node server.js'.
23 error Make sure you have the latest version of node.js and npm installed.
23 error If you do, this is most likely a problem with the friendfinder package,
23 error not with npm itself.
23 error Tell the author that this fails on your system:
23 error     node server.js
23 error You can get information on how to open an issue for this project with:
23 error     npm bugs friendfinder
23 error Or if that isn't available, you can get their info via:
23 error     npm owner ls friendfinder
23 error There is likely additional logging output above.
24 verbose exit [ 1, true ]
